0 info it worked if it ends with ok
1 verbose cli [ 'C:\\Program Files\\nodejs\\node.exe',
1 verbose cli   'C:\\Users\\Nathalia\\AppData\\Roaming\\npm\\node_modules\\npm\\bin\\npm-cli.js',
1 verbose cli   'start' ]
2 info using npm@3.5.3
3 info using node@v6.6.0
4 verbose run-script [ 'prestart', 'start', 'poststart' ]
5 info lifecycle tgt-nathalia-bruno@1.0.0~prestart: tgt-nathalia-bruno@1.0.0
6 silly lifecycle tgt-nathalia-bruno@1.0.0~prestart: no script for prestart, continuing
7 info lifecycle tgt-nathalia-bruno@1.0.0~start: tgt-nathalia-bruno@1.0.0
8 verbose lifecycle tgt-nathalia-bruno@1.0.0~start: unsafe-perm in lifecycle true
9 verbose lifecycle tgt-nathalia-bruno@1.0.0~start: PATH: C:\Users\Nathalia\AppData\Roaming\npm\node_modules\npm\bin\node-gyp-bin;C:\Users\Nathalia\teste-technos\node_modules\.bin;C:\Users\Nathalia\Downloads\cmder\bin;C:\Program Files\Git\bin;C:\Program Files\Git\usr\bin;C:\Program Files\Git\share\vim\vim74;C:\Users\Nathalia\Downloads\cmder\vendor\conemu-maximus5\ConEmu\Scripts;C:\Users\Nathalia\Downloads\cmder\vendor\conemu-maximus5;C:\Users\Nathalia\Downloads\cmder\vendor\conemu-maximus5\ConEmu;C:\Program Files (x86)\Python35-32\Scripts\;C:\Program Files (x86)\Python35-32\;C:\ProgramData\Oracle\Java\javapath;c:\Program Files (x86)\Intel\iCLS Client\;c:\Program Files\Intel\iCLS Client\;C:\Program Files (x86)\NVIDIA Corporation\PhysX\Common;C:\WINDOWS\system32;C:\WINDOWS;C:\WINDOWS\System32\Wbem;C:\WINDOWS\System32\WindowsPowerShell\v1.0\;C:\Program Files\Intel\Intel(R) Management Engine Components\DAL;C:\Program Files\Intel\Intel(R) Management Engine Components\IPT;C:\Program Files (x86)\Intel\Intel(R) Management Engine Components\DAL;C:\Program Files (x86)\Intel\Intel(R) Management Engine Components\IPT;C:\Program Files (x86)\Windows Live\Shared;C:\curl-7.41.0;C:\Program Files (x86)\Skype\Phone\;C:\xampp\php;C:\Program Files\Git\cmd;C:\Program Files\nodejs\;C:\Program Files (x86)\Microsoft VS Code\bin;C:\Users\Nathalia\AppData\Roaming\npm;C:\Users\Nathalia\AppData\Local\Microsoft\WindowsApps;C:\Users\Nathalia\Downloads\cmder
10 verbose lifecycle tgt-nathalia-bruno@1.0.0~start: CWD: C:\Users\Nathalia\teste-technos
11 silly lifecycle tgt-nathalia-bruno@1.0.0~start: Args: [ '/d /s /c', 'next start' ]
12 silly lifecycle tgt-nathalia-bruno@1.0.0~start: Returned: code: 1  signal: null
13 info lifecycle tgt-nathalia-bruno@1.0.0~start: Failed to exec start script
14 verbose stack Error: tgt-nathalia-bruno@1.0.0 start: `next start`
14 verbose stack Exit status 1
14 verbose stack     at EventEmitter.<anonymous> (C:\Users\Nathalia\AppData\Roaming\npm\node_modules\npm\lib\utils\lifecycle.js:232:16)
14 verbose stack     at emitTwo (events.js:106:13)
14 verbose stack     at EventEmitter.emit (events.js:191:7)
14 verbose stack     at ChildProcess.<anonymous> (C:\Users\Nathalia\AppData\Roaming\npm\node_modules\npm\lib\utils\spawn.js:24:14)
14 verbose stack     at emitTwo (events.js:106:13)
14 verbose stack     at ChildProcess.emit (events.js:191:7)
14 verbose stack     at maybeClose (internal/child_process.js:877:16)
14 verbose stack     at Process.ChildProcess._handle.onexit (internal/child_process.js:226:5)
15 verbose pkgid tgt-nathalia-bruno@1.0.0
16 verbose cwd C:\Users\Nathalia\teste-technos
17 error Windows_NT 10.0.14393
18 error argv "C:\\Program Files\\nodejs\\node.exe" "C:\\Users\\Nathalia\\AppData\\Roaming\\npm\\node_modules\\npm\\bin\\npm-cli.js" "start"
19 error node v6.6.0
20 error npm  v3.5.3
21 error code ELIFECYCLE
22 error tgt-nathalia-bruno@1.0.0 start: `next start`
22 error Exit status 1
23 error Failed at the tgt-nathalia-bruno@1.0.0 start script 'next start'.
23 error Make sure you have the latest version of node.js and npm installed.
23 error If you do, this is most likely a problem with the tgt-nathalia-bruno package,
23 error not with npm itself.
23 error Tell the author that this fails on your system:
23 error     next start
23 error You can get information on how to open an issue for this project with:
23 error     npm bugs tgt-nathalia-bruno
23 error Or if that isn't available, you can get their info via:
23 error     npm owner ls tgt-nathalia-bruno
23 error There is likely additional logging output above.
24 verbose exit [ 1, true ]
